# JRE version: OpenJDK Runtime Environment (17.0.6) (build 17.0.6+0-b2043.56-9586694)
# Java VM: OpenJDK 64-Bit Server VM (17.0.6+0-b2043.56-9586694, mixed mode, tiered, compressed oops, compressed class ptrs, g1 gc, windows-amd64)
GC Precious Log:
 CPUs: 8 total, 8 available
 Memory: 32735M
 Large Page Support: Disabled
 NUMA Support: Disabled
 Compressed Oops: Enabled (32-bit)
 Heap Region Size: 1M
 Heap Min Capacity: 8M
 Heap Initial Capacity: 512M
 Heap Max Capacity: 2G
 Pre-touch: Disabled
 Parallel Workers: 8
 Concurrent Workers: 2
 Concurrent Refinement Workers: 8
 Periodic GC: Disabled
Heap:
 garbage-first heap   total 398336K, used 250078K [0x0000000080000000, 0x0000000100000000)
  region size 1024K, 17 young (17408K), 6 survivors (6144K)
 Metaspace       used 147493K, committed 148608K, reserved 1179648K
  class space    used 20242K, committed 20736K, reserved 1048576K
GC Heap History (20 events):
Event: 478.233 GC heap before
{Heap before GC invocations=39 (full 0):
 garbage-first heap   total 331776K, used 235392K [0x0000000080000000, 0x0000000100000000)
  region size 1024K, 37 young (37888K), 2 survivors (2048K)
 Metaspace       used 108784K, committed 109696K, reserved 1146880K
  class space    used 14555K, committed 14976K, reserved 1048576K
}
Event: 478.238 GC heap after
{Heap after GC invocations=40 (full 0):
 garbage-first heap   total 398336K, used 203837K [0x0000000080000000, 0x0000000100000000)
  region size 1024K, 5 young (5120K), 5 survivors (5120K)
 Metaspace       used 108784K, committed 109696K, reserved 1146880K
  class space    used 14555K, committed 14976K, reserved 1048576K
}
Event: 480.084 GC heap before
{Heap before GC invocations=41 (full 0):
 garbage-first heap   total 398336K, used 335933K [0x0000000080000000, 0x0000000100000000)
  region size 1024K, 119 young (121856K), 5 survivors (5120K)
 Metaspace       used 114208K, committed 115200K, reserved 1155072K
  class space    used 15165K, committed 15680K, reserved 1048576K
}
Event: 480.090 GC heap after
{Heap after GC invocations=42 (full 0):
 garbage-first heap   total 398336K, used 205801K [0x0000000080000000, 0x0000000100000000)
  region size 1024K, 7 young (7168K), 7 survivors (7168K)
 Metaspace       used 114208K, committed 115200K, reserved 1155072K
  class space    used 15165K, committed 15680K, reserved 1048576K
}
Event: 480.350 GC heap before
{Heap before GC invocations=42 (full 0):
 garbage-first heap   total 398336K, used 217065K [0x0000000080000000, 0x0000000100000000)
  region size 1024K, 19 young (19456K), 7 survivors (7168K)
 Metaspace       used 114264K, committed 115264K, reserved 1155072K
  class space    used 15173K, committed 15680K, reserved 1048576K
}
Event: 480.357 GC heap after
{Heap after GC invocations=43 (full 0):
 garbage-first heap   total 398336K, used 203141K [0x0000000080000000, 0x0000000100000000)
  region size 1024K, 2 young (2048K), 2 survivors (2048K)
 Metaspace       used 114264K, committed 115264K, reserved 1155072K
  class space    used 15173K, committed 15680K, reserved 1048576K
}
Event: 482.843 GC heap before
{Heap before GC invocations=43 (full 0):
 garbage-first heap   total 398336K, used 323973K [0x0000000080000000, 0x0000000100000000)
  region size 1024K, 121 young (123904K), 2 survivors (2048K)
 Metaspace       used 119283K, committed 120320K, reserved 1155072K
  class space    used 15831K, committed 16320K, reserved 1048576K
}
Event: 482.849 GC heap after
{Heap after GC invocations=44 (full 0):
 garbage-first heap   total 398336K, used 211053K [0x0000000080000000, 0x0000000100000000)
  region size 1024K, 10 young (10240K), 10 survivors (10240K)
 Metaspace       used 119283K, committed 120320K, reserved 1155072K
  class space    used 15831K, committed 16320K, reserved 1048576K
}
Event: 484.669 GC heap before
{Heap before GC invocations=45 (full 0):
 garbage-first heap   total 398336K, used 328813K [0x0000000080000000, 0x0000000100000000)
  region size 1024K, 124 young (126976K), 10 survivors (10240K)
 Metaspace       used 129395K, committed 130432K, reserved 1163264K
  class space    used 17105K, committed 17600K, reserved 1048576K
}
Event: 484.683 GC heap after
{Heap after GC invocations=46 (full 0):
 garbage-first heap   total 398336K, used 229267K [0x0000000080000000, 0x0000000100000000)
  region size 1024K, 16 young (16384K), 16 survivors (16384K)
 Metaspace       used 129395K, committed 130432K, reserved 1163264K
  class space    used 17105K, committed 17600K, reserved 1048576K
}
Event: 484.736 GC heap before
{Heap before GC invocations=46 (full 0):
 garbage-first heap   total 398336K, used 232339K [0x0000000080000000, 0x0000000100000000)
  region size 1024K, 19 young (19456K), 16 survivors (16384K)
 Metaspace       used 129556K, committed 130560K, reserved 1163264K
  class space    used 17117K, committed 17600K, reserved 1048576K
}
Event: 484.744 GC heap after
{Heap after GC invocations=47 (full 0):
 garbage-first heap   total 398336K, used 228906K [0x0000000080000000, 0x0000000100000000)
  region size 1024K, 2 young (2048K), 2 survivors (2048K)
 Metaspace       used 129556K, committed 130560K, reserved 1163264K
  class space    used 17117K, committed 17600K, reserved 1048576K
}
Event: 485.480 GC heap before
{Heap before GC invocations=47 (full 0):
 garbage-first heap   total 398336K, used 244266K [0x0000000080000000, 0x0000000100000000)
  region size 1024K, 18 young (18432K), 2 survivors (2048K)
 Metaspace       used 130122K, committed 131136K, reserved 1163264K
  class space    used 17158K, committed 17664K, reserved 1048576K
}
Event: 485.483 GC heap after
{Heap after GC invocations=48 (full 0):
 garbage-first heap   total 398336K, used 228048K [0x0000000080000000, 0x0000000100000000)
  region size 1024K, 2 young (2048K), 2 survivors (2048K)
 Metaspace       used 130122K, committed 131136K, reserved 1163264K
  class space    used 17158K, committed 17664K, reserved 1048576K
}
Event: 486.723 GC heap before
{Heap before GC invocations=49 (full 0):
 garbage-first heap   total 398336K, used 330448K [0x0000000080000000, 0x0000000100000000)
  region size 1024K, 101 young (103424K), 2 survivors (2048K)
 Metaspace       used 143674K, committed 144768K, reserved 1179648K
  class space    used 19562K, committed 20032K, reserved 1048576K
}
Event: 486.733 GC heap after
{Heap after GC invocations=50 (full 0):
 garbage-first heap   total 398336K, used 239741K [0x0000000080000000, 0x0000000100000000)
  region size 1024K, 13 young (13312K), 13 survivors (13312K)
 Metaspace       used 143674K, committed 144768K, reserved 1179648K
  class space    used 19562K, committed 20032K, reserved 1048576K
}
Event: 486.791 GC heap before
{Heap before GC invocations=50 (full 0):
 garbage-first heap   total 398336K, used 245885K [0x0000000080000000, 0x0000000100000000)
  region size 1024K, 19 young (19456K), 13 survivors (13312K)
 Metaspace       used 143972K, committed 145024K, reserved 1179648K
  class space    used 19619K, committed 20096K, reserved 1048576K
}
Event: 486.803 GC heap after
{Heap after GC invocations=51 (full 0):
 garbage-first heap   total 398336K, used 237479K [0x0000000080000000, 0x0000000100000000)
  region size 1024K, 2 young (2048K), 2 survivors (2048K)
 Metaspace       used 143972K, committed 145024K, reserved 1179648K
  class space    used 19619K, committed 20096K, reserved 1048576K
}
Event: 487.333 GC heap before
{Heap before GC invocations=51 (full 0):
 garbage-first heap   total 398336K, used 288679K [0x0000000080000000, 0x0000000100000000)
  region size 1024K, 54 young (55296K), 2 survivors (2048K)
 Metaspace       used 147007K, committed 148032K, reserved 1179648K
  class space    used 20130K, committed 20608K, reserved 1048576K
}
Event: 487.339 GC heap after
{Heap after GC invocations=52 (full 0):
 garbage-first heap   total 398336K, used 241886K [0x0000000080000000, 0x0000000100000000)
  region size 1024K, 6 young (6144K), 6 survivors (6144K)
 Metaspace       used 147007K, committed 148032K, reserved 1179648K
  class space    used 20130K, committed 20608K, reserved 1048576K
}

